<?xml version="1.0" encoding="UTF-8"?>
<testsuite xmlns:xsi="http://www.w3.org/2001/XMLSchema-instance" xsi:noNamespaceSchemaLocation="https://maven.apache.org/surefire/maven-surefire-plugin/xsd/surefire-test-report-3.0.xsd" version="3.0" name="com.spring.project.SeB4ProjectApplicationTests" time="6.082" tests="1" errors="0" skipped="0" failures="0">
  <properties>
    <property name="java.specification.version" value="17"/>
    <property name="sun.cpu.isalist" value="amd64"/>
    <property name="sun.jnu.encoding" value="Cp1252"/>
    <property name="java.class.path" value="C:\Users\tjben\OneDrive\Documents\GitHub\SVE_B4_Project\demo\demo\target\test-classes;C:\Users\tjben\OneDrive\Documents\GitHub\SVE_B4_Project\demo\demo\target\classes;C:\Users\tjben\.m2\repository\org\springframework\boot\spring-boot-starter-batch\3.3.0-M1\spring-boot-starter-batch-3.3.0-M1.jar;C:\Users\tjben\.m2\repository\org\springframework\boot\spring-boot-starter\3.3.0-M1\spring-boot-starter-3.3.0-M1.jar;C:\Users\tjben\.m2\repository\org\springframework\boot\spring-boot-starter-logging\3.3.0-M1\spring-boot-starter-logging-3.3.0-M1.jar;C:\Users\tjben\.m2\repository\ch\qos\logback\logback-classic\1.4.14\logback-classic-1.4.14.jar;C:\Users\tjben\.m2\repository\ch\qos\logback\logback-core\1.4.14\logback-core-1.4.14.jar;C:\Users\tjben\.m2\repository\org\apache\logging\log4j\log4j-to-slf4j\2.22.1\log4j-to-slf4j-2.22.1.jar;C:\Users\tjben\.m2\repository\org\apache\logging\log4j\log4j-api\2.22.1\log4j-api-2.22.1.jar;C:\Users\tjben\.m2\repository\org\slf4j\jul-to-slf4j\2.0.11\jul-to-slf4j-2.0.11.jar;C:\Users\tjben\.m2\repository\jakarta\annotation\jakarta.annotation-api\2.1.1\jakarta.annotation-api-2.1.1.jar;C:\Users\tjben\.m2\repository\org\yaml\snakeyaml\2.2\snakeyaml-2.2.jar;C:\Users\tjben\.m2\repository\org\springframework\boot\spring-boot-starter-jdbc\3.3.0-M1\spring-boot-starter-jdbc-3.3.0-M1.jar;C:\Users\tjben\.m2\repository\com\zaxxer\HikariCP\5.1.0\HikariCP-5.1.0.jar;C:\Users\tjben\.m2\repository\org\springframework\batch\spring-batch-core\5.1.0\spring-batch-core-5.1.0.jar;C:\Users\tjben\.m2\repository\org\springframework\batch\spring-batch-infrastructure\5.1.0\spring-batch-infrastructure-5.1.0.jar;C:\Users\tjben\.m2\repository\org\springframework\retry\spring-retry\2.0.5\spring-retry-2.0.5.jar;C:\Users\tjben\.m2\repository\org\springframework\spring-beans\6.1.3\spring-beans-6.1.3.jar;C:\Users\tjben\.m2\repository\org\springframework\spring-context\6.1.3\spring-context-6.1.3.jar;C:\Users\tjben\.m2\repository\org\springframework\spring-tx\6.1.3\spring-tx-6.1.3.jar;C:\Users\tjben\.m2\repository\io\micrometer\micrometer-core\1.12.2\micrometer-core-1.12.2.jar;C:\Users\tjben\.m2\repository\io\micrometer\micrometer-commons\1.12.2\micrometer-commons-1.12.2.jar;C:\Users\tjben\.m2\repository\org\hdrhistogram\HdrHistogram\2.1.12\HdrHistogram-2.1.12.jar;C:\Users\tjben\.m2\repository\org\latencyutils\LatencyUtils\2.0.3\LatencyUtils-2.0.3.jar;C:\Users\tjben\.m2\repository\io\micrometer\micrometer-observation\1.12.2\micrometer-observation-1.12.2.jar;C:\Users\tjben\.m2\repository\org\springframework\boot\spring-boot-starter-freemarker\3.3.0-M1\spring-boot-starter-freemarker-3.3.0-M1.jar;C:\Users\tjben\.m2\repository\org\freemarker\freemarker\2.3.32\freemarker-2.3.32.jar;C:\Users\tjben\.m2\repository\org\springframework\spring-context-support\6.1.3\spring-context-support-6.1.3.jar;C:\Users\tjben\.m2\repository\org\springframework\boot\spring-boot-starter-mail\3.3.0-M1\spring-boot-starter-mail-3.3.0-M1.jar;C:\Users\tjben\.m2\repository\org\eclipse\angus\jakarta.mail\2.0.2\jakarta.mail-2.0.2.jar;C:\Users\tjben\.m2\repository\jakarta\activation\jakarta.activation-api\2.1.2\jakarta.activation-api-2.1.2.jar;C:\Users\tjben\.m2\repository\org\eclipse\angus\angus-activation\2.0.1\angus-activation-2.0.1.jar;C:\Users\tjben\.m2\repository\org\springframework\boot\spring-boot-devtools\3.3.0-M1\spring-boot-devtools-3.3.0-M1.jar;C:\Users\tjben\.m2\repository\org\springframework\boot\spring-boot\3.3.0-M1\spring-boot-3.3.0-M1.jar;C:\Users\tjben\.m2\repository\org\springframework\boot\spring-boot-autoconfigure\3.3.0-M1\spring-boot-autoconfigure-3.3.0-M1.jar;C:\Users\tjben\.m2\repository\org\hsqldb\hsqldb\2.7.2\hsqldb-2.7.2.jar;C:\Users\tjben\.m2\repository\org\springframework\boot\spring-boot-starter-test\3.3.0-M1\spring-boot-starter-test-3.3.0-M1.jar;C:\Users\tjben\.m2\repository\org\springframework\boot\spring-boot-test\3.3.0-M1\spring-boot-test-3.3.0-M1.jar;C:\Users\tjben\.m2\repository\org\springframework\boot\spring-boot-test-autoconfigure\3.3.0-M1\spring-boot-test-autoconfigure-3.3.0-M1.jar;C:\Users\tjben\.m2\repository\com\jayway\jsonpath\json-path\2.8.0\json-path-2.8.0.jar;C:\Users\tjben\.m2\repository\jakarta\xml\bind\jakarta.xml.bind-api\4.0.1\jakarta.xml.bind-api-4.0.1.jar;C:\Users\tjben\.m2\repository\net\minidev\json-smart\2.5.0\json-smart-2.5.0.jar;C:\Users\tjben\.m2\repository\net\minidev\accessors-smart\2.5.0\accessors-smart-2.5.0.jar;C:\Users\tjben\.m2\repository\org\ow2\asm\asm\9.3\asm-9.3.jar;C:\Users\tjben\.m2\repository\org\assertj\assertj-core\3.25.1\assertj-core-3.25.1.jar;C:\Users\tjben\.m2\repository\net\bytebuddy\byte-buddy\1.14.11\byte-buddy-1.14.11.jar;C:\Users\tjben\.m2\repository\org\awaitility\awaitility\4.2.0\awaitility-4.2.0.jar;C:\Users\tjben\.m2\repository\org\hamcrest\hamcrest\2.2\hamcrest-2.2.jar;C:\Users\tjben\.m2\repository\org\junit\jupiter\junit-jupiter\5.10.1\junit-jupiter-5.10.1.jar;C:\Users\tjben\.m2\repository\org\junit\jupiter\junit-jupiter-api\5.10.1\junit-jupiter-api-5.10.1.jar;C:\Users\tjben\.m2\repository\org\opentest4j\opentest4j\1.3.0\opentest4j-1.3.0.jar;C:\Users\tjben\.m2\repository\org\junit\platform\junit-platform-commons\1.10.1\junit-platform-commons-1.10.1.jar;C:\Users\tjben\.m2\repository\org\apiguardian\apiguardian-api\1.1.2\apiguardian-api-1.1.2.jar;C:\Users\tjben\.m2\repository\org\junit\jupiter\junit-jupiter-params\5.10.1\junit-jupiter-params-5.10.1.jar;C:\Users\tjben\.m2\repository\org\junit\jupiter\junit-jupiter-engine\5.10.1\junit-jupiter-engine-5.10.1.jar;C:\Users\tjben\.m2\repository\org\junit\platform\junit-platform-engine\1.10.1\junit-platform-engine-1.10.1.jar;C:\Users\tjben\.m2\repository\org\mockito\mockito-core\5.9.0\mockito-core-5.9.0.jar;C:\Users\tjben\.m2\repository\net\bytebuddy\byte-buddy-agent\1.14.11\byte-buddy-agent-1.14.11.jar;C:\Users\tjben\.m2\repository\org\objenesis\objenesis\3.3\objenesis-3.3.jar;C:\Users\tjben\.m2\repository\org\mockito\mockito-junit-jupiter\5.9.0\mockito-junit-jupiter-5.9.0.jar;C:\Users\tjben\.m2\repository\org\skyscreamer\jsonassert\1.5.1\jsonassert-1.5.1.jar;C:\Users\tjben\.m2\repository\com\vaadin\external\google\android-json\0.0.20131108.vaadin1\android-json-0.0.20131108.vaadin1.jar;C:\Users\tjben\.m2\repository\org\springframework\spring-core\6.1.3\spring-core-6.1.3.jar;C:\Users\tjben\.m2\repository\org\springframework\spring-jcl\6.1.3\spring-jcl-6.1.3.jar;C:\Users\tjben\.m2\repository\org\springframework\spring-test\6.1.3\spring-test-6.1.3.jar;C:\Users\tjben\.m2\repository\org\xmlunit\xmlunit-core\2.9.1\xmlunit-core-2.9.1.jar;C:\Users\tjben\.m2\repository\org\springframework\batch\spring-batch-test\5.1.0\spring-batch-test-5.1.0.jar;C:\Users\tjben\.m2\repository\org\springframework\spring-jdbc\6.1.3\spring-jdbc-6.1.3.jar;C:\Users\tjben\.m2\repository\org\springframework\boot\spring-boot-starter-web\3.3.0-M1\spring-boot-starter-web-3.3.0-M1.jar;C:\Users\tjben\.m2\repository\org\springframework\boot\spring-boot-starter-json\3.3.0-M1\spring-boot-starter-json-3.3.0-M1.jar;C:\Users\tjben\.m2\repository\com\fasterxml\jackson\core\jackson-databind\2.16.1\jackson-databind-2.16.1.jar;C:\Users\tjben\.m2\repository\com\fasterxml\jackson\core\jackson-annotations\2.16.1\jackson-annotations-2.16.1.jar;C:\Users\tjben\.m2\repository\com\fasterxml\jackson\core\jackson-core\2.16.1\jackson-core-2.16.1.jar;C:\Users\tjben\.m2\repository\com\fasterxml\jackson\datatype\jackson-datatype-jdk8\2.16.1\jackson-datatype-jdk8-2.16.1.jar;C:\Users\tjben\.m2\repository\com\fasterxml\jackson\datatype\jackson-datatype-jsr310\2.16.1\jackson-datatype-jsr310-2.16.1.jar;C:\Users\tjben\.m2\repository\com\fasterxml\jackson\module\jackson-module-parameter-names\2.16.1\jackson-module-parameter-names-2.16.1.jar;C:\Users\tjben\.m2\repository\org\springframework\boot\spring-boot-starter-tomcat\3.3.0-M1\spring-boot-starter-tomcat-3.3.0-M1.jar;C:\Users\tjben\.m2\repository\org\apache\tomcat\embed\tomcat-embed-core\10.1.18\tomcat-embed-core-10.1.18.jar;C:\Users\tjben\.m2\repository\org\apache\tomcat\embed\tomcat-embed-websocket\10.1.18\tomcat-embed-websocket-10.1.18.jar;C:\Users\tjben\.m2\repository\org\springframework\spring-web\6.1.3\spring-web-6.1.3.jar;C:\Users\tjben\.m2\repository\org\springframework\spring-webmvc\6.1.3\spring-webmvc-6.1.3.jar;C:\Users\tjben\.m2\repository\org\springframework\spring-expression\6.1.3\spring-expression-6.1.3.jar;C:\Users\tjben\.m2\repository\org\springframework\boot\spring-boot-starter-thymeleaf\3.3.0-M1\spring-boot-starter-thymeleaf-3.3.0-M1.jar;C:\Users\tjben\.m2\repository\org\thymeleaf\thymeleaf-spring6\3.1.2.RELEASE\thymeleaf-spring6-3.1.2.RELEASE.jar;C:\Users\tjben\.m2\repository\org\thymeleaf\thymeleaf\3.1.2.RELEASE\thymeleaf-3.1.2.RELEASE.jar;C:\Users\tjben\.m2\repository\org\attoparser\attoparser\2.0.7.RELEASE\attoparser-2.0.7.RELEASE.jar;C:\Users\tjben\.m2\repository\org\unbescape\unbescape\1.1.6.RELEASE\unbescape-1.1.6.RELEASE.jar;C:\Users\tjben\.m2\repository\org\springframework\boot\spring-boot-starter-data-jpa\3.3.0-M1\spring-boot-starter-data-jpa-3.3.0-M1.jar;C:\Users\tjben\.m2\repository\org\springframework\boot\spring-boot-starter-aop\3.3.0-M1\spring-boot-starter-aop-3.3.0-M1.jar;C:\Users\tjben\.m2\repository\org\aspectj\aspectjweaver\1.9.21\aspectjweaver-1.9.21.jar;C:\Users\tjben\.m2\repository\org\hibernate\orm\hibernate-core\6.4.1.Final\hibernate-core-6.4.1.Final.jar;C:\Users\tjben\.m2\repository\jakarta\persistence\jakarta.persistence-api\3.1.0\jakarta.persistence-api-3.1.0.jar;C:\Users\tjben\.m2\repository\jakarta\transaction\jakarta.transaction-api\2.0.1\jakarta.transaction-api-2.0.1.jar;C:\Users\tjben\.m2\repository\org\jboss\logging\jboss-logging\3.5.3.Final\jboss-logging-3.5.3.Final.jar;C:\Users\tjben\.m2\repository\org\hibernate\common\hibernate-commons-annotations\6.0.6.Final\hibernate-commons-annotations-6.0.6.Final.jar;C:\Users\tjben\.m2\repository\io\smallrye\jandex\3.1.2\jandex-3.1.2.jar;C:\Users\tjben\.m2\repository\com\fasterxml\classmate\1.7.0\classmate-1.7.0.jar;C:\Users\tjben\.m2\repository\org\glassfish\jaxb\jaxb-runtime\4.0.4\jaxb-runtime-4.0.4.jar;C:\Users\tjben\.m2\repository\org\glassfish\jaxb\jaxb-core\4.0.4\jaxb-core-4.0.4.jar;C:\Users\tjben\.m2\repository\org\glassfish\jaxb\txw2\4.0.4\txw2-4.0.4.jar;C:\Users\tjben\.m2\repository\com\sun\istack\istack-commons-runtime\4.1.2\istack-commons-runtime-4.1.2.jar;C:\Users\tjben\.m2\repository\jakarta\inject\jakarta.inject-api\2.0.1\jakarta.inject-api-2.0.1.jar;C:\Users\tjben\.m2\repository\org\antlr\antlr4-runtime\4.13.0\antlr4-runtime-4.13.0.jar;C:\Users\tjben\.m2\repository\org\springframework\data\spring-data-jpa\3.2.2\spring-data-jpa-3.2.2.jar;C:\Users\tjben\.m2\repository\org\springframework\data\spring-data-commons\3.2.2\spring-data-commons-3.2.2.jar;C:\Users\tjben\.m2\repository\org\springframework\spring-orm\6.1.3\spring-orm-6.1.3.jar;C:\Users\tjben\.m2\repository\org\springframework\spring-aspects\6.1.3\spring-aspects-6.1.3.jar;C:\Users\tjben\.m2\repository\org\springframework\boot\spring-boot-starter-validation\3.3.0-M1\spring-boot-starter-validation-3.3.0-M1.jar;C:\Users\tjben\.m2\repository\org\apache\tomcat\embed\tomcat-embed-el\10.1.18\tomcat-embed-el-10.1.18.jar;C:\Users\tjben\.m2\repository\org\hibernate\validator\hibernate-validator\8.0.1.Final\hibernate-validator-8.0.1.Final.jar;C:\Users\tjben\.m2\repository\jakarta\validation\jakarta.validation-api\3.0.2\jakarta.validation-api-3.0.2.jar;C:\Users\tjben\.m2\repository\com\mysql\mysql-connector-j\8.3.0\mysql-connector-j-8.3.0.jar;C:\Users\tjben\.m2\repository\org\springframework\boot\spring-boot-starter-security\3.3.0-M1\spring-boot-starter-security-3.3.0-M1.jar;C:\Users\tjben\.m2\repository\org\springframework\spring-aop\6.1.3\spring-aop-6.1.3.jar;C:\Users\tjben\.m2\repository\org\springframework\security\spring-security-config\6.3.0-M1\spring-security-config-6.3.0-M1.jar;C:\Users\tjben\.m2\repository\org\springframework\security\spring-security-core\6.3.0-M1\spring-security-core-6.3.0-M1.jar;C:\Users\tjben\.m2\repository\org\springframework\security\spring-security-crypto\6.3.0-M1\spring-security-crypto-6.3.0-M1.jar;C:\Users\tjben\.m2\repository\org\springframework\security\spring-security-web\6.3.0-M1\spring-security-web-6.3.0-M1.jar;C:\Users\tjben\.m2\repository\org\thymeleaf\extras\thymeleaf-extras-springsecurity6\3.1.2.RELEASE\thymeleaf-extras-springsecurity6-3.1.2.RELEASE.jar;C:\Users\tjben\.m2\repository\org\slf4j\slf4j-api\2.0.11\slf4j-api-2.0.11.jar;"/>
    <property name="java.vm.vendor" value="Oracle Corporation"/>
    <property name="sun.arch.data.model" value="64"/>
    <property name="user.variant" value=""/>
    <property name="java.vendor.url" value="https://java.oracle.com/"/>
    <property name="user.timezone" value="America/New_York"/>
    <property name="org.jboss.logging.provider" value="slf4j"/>
    <property name="os.name" value="Windows 11"/>
    <property name="java.vm.specification.version" value="17"/>
    <property name="sun.java.launcher" value="SUN_STANDARD"/>
    <property name="user.country" value="US"/>
    <property name="sun.boot.library.path" value="C:\Program Files\Java\jdk-17\bin"/>
    <property name="sun.java.command" value="C:\Users\tjben\AppData\Local\Temp\surefire3889412557293814138\surefirebooter-20240318170112468_3.jar C:\Users\tjben\AppData\Local\Temp\surefire3889412557293814138 2024-03-18T17-01-12_306-jvmRun1 surefire-20240318170112468_1tmp surefire_0-20240318170112468_2tmp"/>
    <property name="jdk.debug" value="release"/>
    <property name="surefire.test.class.path" value="C:\Users\tjben\OneDrive\Documents\GitHub\SVE_B4_Project\demo\demo\target\test-classes;C:\Users\tjben\OneDrive\Documents\GitHub\SVE_B4_Project\demo\demo\target\classes;C:\Users\tjben\.m2\repository\org\springframework\boot\spring-boot-starter-batch\3.3.0-M1\spring-boot-starter-batch-3.3.0-M1.jar;C:\Users\tjben\.m2\repository\org\springframework\boot\spring-boot-starter\3.3.0-M1\spring-boot-starter-3.3.0-M1.jar;C:\Users\tjben\.m2\repository\org\springframework\boot\spring-boot-starter-logging\3.3.0-M1\spring-boot-starter-logging-3.3.0-M1.jar;C:\Users\tjben\.m2\repository\ch\qos\logback\logback-classic\1.4.14\logback-classic-1.4.14.jar;C:\Users\tjben\.m2\repository\ch\qos\logback\logback-core\1.4.14\logback-core-1.4.14.jar;C:\Users\tjben\.m2\repository\org\apache\logging\log4j\log4j-to-slf4j\2.22.1\log4j-to-slf4j-2.22.1.jar;C:\Users\tjben\.m2\repository\org\apache\logging\log4j\log4j-api\2.22.1\log4j-api-2.22.1.jar;C:\Users\tjben\.m2\repository\org\slf4j\jul-to-slf4j\2.0.11\jul-to-slf4j-2.0.11.jar;C:\Users\tjben\.m2\repository\jakarta\annotation\jakarta.annotation-api\2.1.1\jakarta.annotation-api-2.1.1.jar;C:\Users\tjben\.m2\repository\org\yaml\snakeyaml\2.2\snakeyaml-2.2.jar;C:\Users\tjben\.m2\repository\org\springframework\boot\spring-boot-starter-jdbc\3.3.0-M1\spring-boot-starter-jdbc-3.3.0-M1.jar;C:\Users\tjben\.m2\repository\com\zaxxer\HikariCP\5.1.0\HikariCP-5.1.0.jar;C:\Users\tjben\.m2\repository\org\springframework\batch\spring-batch-core\5.1.0\spring-batch-core-5.1.0.jar;C:\Users\tjben\.m2\repository\org\springframework\batch\spring-batch-infrastructure\5.1.0\spring-batch-infrastructure-5.1.0.jar;C:\Users\tjben\.m2\repository\org\springframework\retry\spring-retry\2.0.5\spring-retry-2.0.5.jar;C:\Users\tjben\.m2\repository\org\springframework\spring-beans\6.1.3\spring-beans-6.1.3.jar;C:\Users\tjben\.m2\repository\org\springframework\spring-context\6.1.3\spring-context-6.1.3.jar;C:\Users\tjben\.m2\repository\org\springframework\spring-tx\6.1.3\spring-tx-6.1.3.jar;C:\Users\tjben\.m2\repository\io\micrometer\micrometer-core\1.12.2\micrometer-core-1.12.2.jar;C:\Users\tjben\.m2\repository\io\micrometer\micrometer-commons\1.12.2\micrometer-commons-1.12.2.jar;C:\Users\tjben\.m2\repository\org\hdrhistogram\HdrHistogram\2.1.12\HdrHistogram-2.1.12.jar;C:\Users\tjben\.m2\repository\org\latencyutils\LatencyUtils\2.0.3\LatencyUtils-2.0.3.jar;C:\Users\tjben\.m2\repository\io\micrometer\micrometer-observation\1.12.2\micrometer-observation-1.12.2.jar;C:\Users\tjben\.m2\repository\org\springframework\boot\spring-boot-starter-freemarker\3.3.0-M1\spring-boot-starter-freemarker-3.3.0-M1.jar;C:\Users\tjben\.m2\repository\org\freemarker\freemarker\2.3.32\freemarker-2.3.32.jar;C:\Users\tjben\.m2\repository\org\springframework\spring-context-support\6.1.3\spring-context-support-6.1.3.jar;C:\Users\tjben\.m2\repository\org\springframework\boot\spring-boot-starter-mail\3.3.0-M1\spring-boot-starter-mail-3.3.0-M1.jar;C:\Users\tjben\.m2\repository\org\eclipse\angus\jakarta.mail\2.0.2\jakarta.mail-2.0.2.jar;C:\Users\tjben\.m2\repository\jakarta\activation\jakarta.activation-api\2.1.2\jakarta.activation-api-2.1.2.jar;C:\Users\tjben\.m2\repository\org\eclipse\angus\angus-activation\2.0.1\angus-activation-2.0.1.jar;C:\Users\tjben\.m2\repository\org\springframework\boot\spring-boot-devtools\3.3.0-M1\spring-boot-devtools-3.3.0-M1.jar;C:\Users\tjben\.m2\repository\org\springframework\boot\spring-boot\3.3.0-M1\spring-boot-3.3.0-M1.jar;C:\Users\tjben\.m2\repository\org\springframework\boot\spring-boot-autoconfigure\3.3.0-M1\spring-boot-autoconfigure-3.3.0-M1.jar;C:\Users\tjben\.m2\repository\org\hsqldb\hsqldb\2.7.2\hsqldb-2.7.2.jar;C:\Users\tjben\.m2\repository\org\springframework\boot\spring-boot-starter-test\3.3.0-M1\spring-boot-starter-test-3.3.0-M1.jar;C:\Users\tjben\.m2\repository\org\springframework\boot\spring-boot-test\3.3.0-M1\spring-boot-test-3.3.0-M1.jar;C:\Users\tjben\.m2\repository\org\springframework\boot\spring-boot-test-autoconfigure\3.3.0-M1\spring-boot-test-autoconfigure-3.3.0-M1.jar;C:\Users\tjben\.m2\repository\com\jayway\jsonpath\json-path\2.8.0\json-path-2.8.0.jar;C:\Users\tjben\.m2\repository\jakarta\xml\bind\jakarta.xml.bind-api\4.0.1\jakarta.xml.bind-api-4.0.1.jar;C:\Users\tjben\.m2\repository\net\minidev\json-smart\2.5.0\json-smart-2.5.0.jar;C:\Users\tjben\.m2\repository\net\minidev\accessors-smart\2.5.0\accessors-smart-2.5.0.jar;C:\Users\tjben\.m2\repository\org\ow2\asm\asm\9.3\asm-9.3.jar;C:\Users\tjben\.m2\repository\org\assertj\assertj-core\3.25.1\assertj-core-3.25.1.jar;C:\Users\tjben\.m2\repository\net\bytebuddy\byte-buddy\1.14.11\byte-buddy-1.14.11.jar;C:\Users\tjben\.m2\repository\org\awaitility\awaitility\4.2.0\awaitility-4.2.0.jar;C:\Users\tjben\.m2\repository\org\hamcrest\hamcrest\2.2\hamcrest-2.2.jar;C:\Users\tjben\.m2\repository\org\junit\jupiter\junit-jupiter\5.10.1\junit-jupiter-5.10.1.jar;C:\Users\tjben\.m2\repository\org\junit\jupiter\junit-jupiter-api\5.10.1\junit-jupiter-api-5.10.1.jar;C:\Users\tjben\.m2\repository\org\opentest4j\opentest4j\1.3.0\opentest4j-1.3.0.jar;C:\Users\tjben\.m2\repository\org\junit\platform\junit-platform-commons\1.10.1\junit-platform-commons-1.10.1.jar;C:\Users\tjben\.m2\repository\org\apiguardian\apiguardian-api\1.1.2\apiguardian-api-1.1.2.jar;C:\Users\tjben\.m2\repository\org\junit\jupiter\junit-jupiter-params\5.10.1\junit-jupiter-params-5.10.1.jar;C:\Users\tjben\.m2\repository\org\junit\jupiter\junit-jupiter-engine\5.10.1\junit-jupiter-engine-5.10.1.jar;C:\Users\tjben\.m2\repository\org\junit\platform\junit-platform-engine\1.10.1\junit-platform-engine-1.10.1.jar;C:\Users\tjben\.m2\repository\org\mockito\mockito-core\5.9.0\mockito-core-5.9.0.jar;C:\Users\tjben\.m2\repository\net\bytebuddy\byte-buddy-agent\1.14.11\byte-buddy-agent-1.14.11.jar;C:\Users\tjben\.m2\repository\org\objenesis\objenesis\3.3\objenesis-3.3.jar;C:\Users\tjben\.m2\repository\org\mockito\mockito-junit-jupiter\5.9.0\mockito-junit-jupiter-5.9.0.jar;C:\Users\tjben\.m2\repository\org\skyscreamer\jsonassert\1.5.1\jsonassert-1.5.1.jar;C:\Users\tjben\.m2\repository\com\vaadin\external\google\android-json\0.0.20131108.vaadin1\android-json-0.0.20131108.vaadin1.jar;C:\Users\tjben\.m2\repository\org\springframework\spring-core\6.1.3\spring-core-6.1.3.jar;C:\Users\tjben\.m2\repository\org\springframework\spring-jcl\6.1.3\spring-jcl-6.1.3.jar;C:\Users\tjben\.m2\repository\org\springframework\spring-test\6.1.3\spring-test-6.1.3.jar;C:\Users\tjben\.m2\repository\org\xmlunit\xmlunit-core\2.9.1\xmlunit-core-2.9.1.jar;C:\Users\tjben\.m2\repository\org\springframework\batch\spring-batch-test\5.1.0\spring-batch-test-5.1.0.jar;C:\Users\tjben\.m2\repository\org\springframework\spring-jdbc\6.1.3\spring-jdbc-6.1.3.jar;C:\Users\tjben\.m2\repository\org\springframework\boot\spring-boot-starter-web\3.3.0-M1\spring-boot-starter-web-3.3.0-M1.jar;C:\Users\tjben\.m2\repository\org\springframework\boot\spring-boot-starter-json\3.3.0-M1\spring-boot-starter-json-3.3.0-M1.jar;C:\Users\tjben\.m2\repository\com\fasterxml\jackson\core\jackson-databind\2.16.1\jackson-databind-2.16.1.jar;C:\Users\tjben\.m2\repository\com\fasterxml\jackson\core\jackson-annotations\2.16.1\jackson-annotations-2.16.1.jar;C:\Users\tjben\.m2\repository\com\fasterxml\jackson\core\jackson-core\2.16.1\jackson-core-2.16.1.jar;C:\Users\tjben\.m2\repository\com\fasterxml\jackson\datatype\jackson-datatype-jdk8\2.16.1\jackson-datatype-jdk8-2.16.1.jar;C:\Users\tjben\.m2\repository\com\fasterxml\jackson\datatype\jackson-datatype-jsr310\2.16.1\jackson-datatype-jsr310-2.16.1.jar;C:\Users\tjben\.m2\repository\com\fasterxml\jackson\module\jackson-module-parameter-names\2.16.1\jackson-module-parameter-names-2.16.1.jar;C:\Users\tjben\.m2\repository\org\springframework\boot\spring-boot-starter-tomcat\3.3.0-M1\spring-boot-starter-tomcat-3.3.0-M1.jar;C:\Users\tjben\.m2\repository\org\apache\tomcat\embed\tomcat-embed-core\10.1.18\tomcat-embed-core-10.1.18.jar;C:\Users\tjben\.m2\repository\org\apache\tomcat\embed\tomcat-embed-websocket\10.1.18\tomcat-embed-websocket-10.1.18.jar;C:\Users\tjben\.m2\repository\org\springframework\spring-web\6.1.3\spring-web-6.1.3.jar;C:\Users\tjben\.m2\repository\org\springframework\spring-webmvc\6.1.3\spring-webmvc-6.1.3.jar;C:\Users\tjben\.m2\repository\org\springframework\spring-expression\6.1.3\spring-expression-6.1.3.jar;C:\Users\tjben\.m2\repository\org\springframework\boot\spring-boot-starter-thymeleaf\3.3.0-M1\spring-boot-starter-thymeleaf-3.3.0-M1.jar;C:\Users\tjben\.m2\repository\org\thymeleaf\thymeleaf-spring6\3.1.2.RELEASE\thymeleaf-spring6-3.1.2.RELEASE.jar;C:\Users\tjben\.m2\repository\org\thymeleaf\thymeleaf\3.1.2.RELEASE\thymeleaf-3.1.2.RELEASE.jar;C:\Users\tjben\.m2\repository\org\attoparser\attoparser\2.0.7.RELEASE\attoparser-2.0.7.RELEASE.jar;C:\Users\tjben\.m2\repository\org\unbescape\unbescape\1.1.6.RELEASE\unbescape-1.1.6.RELEASE.jar;C:\Users\tjben\.m2\repository\org\springframework\boot\spring-boot-starter-data-jpa\3.3.0-M1\spring-boot-starter-data-jpa-3.3.0-M1.jar;C:\Users\tjben\.m2\repository\org\springframework\boot\spring-boot-starter-aop\3.3.0-M1\spring-boot-starter-aop-3.3.0-M1.jar;C:\Users\tjben\.m2\repository\org\aspectj\aspectjweaver\1.9.21\aspectjweaver-1.9.21.jar;C:\Users\tjben\.m2\repository\org\hibernate\orm\hibernate-core\6.4.1.Final\hibernate-core-6.4.1.Final.jar;C:\Users\tjben\.m2\repository\jakarta\persistence\jakarta.persistence-api\3.1.0\jakarta.persistence-api-3.1.0.jar;C:\Users\tjben\.m2\repository\jakarta\transaction\jakarta.transaction-api\2.0.1\jakarta.transaction-api-2.0.1.jar;C:\Users\tjben\.m2\repository\org\jboss\logging\jboss-logging\3.5.3.Final\jboss-logging-3.5.3.Final.jar;C:\Users\tjben\.m2\repository\org\hibernate\common\hibernate-commons-annotations\6.0.6.Final\hibernate-commons-annotations-6.0.6.Final.jar;C:\Users\tjben\.m2\repository\io\smallrye\jandex\3.1.2\jandex-3.1.2.jar;C:\Users\tjben\.m2\repository\com\fasterxml\classmate\1.7.0\classmate-1.7.0.jar;C:\Users\tjben\.m2\repository\org\glassfish\jaxb\jaxb-runtime\4.0.4\jaxb-runtime-4.0.4.jar;C:\Users\tjben\.m2\repository\org\glassfish\jaxb\jaxb-core\4.0.4\jaxb-core-4.0.4.jar;C:\Users\tjben\.m2\repository\org\glassfish\jaxb\txw2\4.0.4\txw2-4.0.4.jar;C:\Users\tjben\.m2\repository\com\sun\istack\istack-commons-runtime\4.1.2\istack-commons-runtime-4.1.2.jar;C:\Users\tjben\.m2\repository\jakarta\inject\jakarta.inject-api\2.0.1\jakarta.inject-api-2.0.1.jar;C:\Users\tjben\.m2\repository\org\antlr\antlr4-runtime\4.13.0\antlr4-runtime-4.13.0.jar;C:\Users\tjben\.m2\repository\org\springframework\data\spring-data-jpa\3.2.2\spring-data-jpa-3.2.2.jar;C:\Users\tjben\.m2\repository\org\springframework\data\spring-data-commons\3.2.2\spring-data-commons-3.2.2.jar;C:\Users\tjben\.m2\repository\org\springframework\spring-orm\6.1.3\spring-orm-6.1.3.jar;C:\Users\tjben\.m2\repository\org\springframework\spring-aspects\6.1.3\spring-aspects-6.1.3.jar;C:\Users\tjben\.m2\repository\org\springframework\boot\spring-boot-starter-validation\3.3.0-M1\spring-boot-starter-validation-3.3.0-M1.jar;C:\Users\tjben\.m2\repository\org\apache\tomcat\embed\tomcat-embed-el\10.1.18\tomcat-embed-el-10.1.18.jar;C:\Users\tjben\.m2\repository\org\hibernate\validator\hibernate-validator\8.0.1.Final\hibernate-validator-8.0.1.Final.jar;C:\Users\tjben\.m2\repository\jakarta\validation\jakarta.validation-api\3.0.2\jakarta.validation-api-3.0.2.jar;C:\Users\tjben\.m2\repository\com\mysql\mysql-connector-j\8.3.0\mysql-connector-j-8.3.0.jar;C:\Users\tjben\.m2\repository\org\springframework\boot\spring-boot-starter-security\3.3.0-M1\spring-boot-starter-security-3.3.0-M1.jar;C:\Users\tjben\.m2\repository\org\springframework\spring-aop\6.1.3\spring-aop-6.1.3.jar;C:\Users\tjben\.m2\repository\org\springframework\security\spring-security-config\6.3.0-M1\spring-security-config-6.3.0-M1.jar;C:\Users\tjben\.m2\repository\org\springframework\security\spring-security-core\6.3.0-M1\spring-security-core-6.3.0-M1.jar;C:\Users\tjben\.m2\repository\org\springframework\security\spring-security-crypto\6.3.0-M1\spring-security-crypto-6.3.0-M1.jar;C:\Users\tjben\.m2\repository\org\springframework\security\spring-security-web\6.3.0-M1\spring-security-web-6.3.0-M1.jar;C:\Users\tjben\.m2\repository\org\thymeleaf\extras\thymeleaf-extras-springsecurity6\3.1.2.RELEASE\thymeleaf-extras-springsecurity6-3.1.2.RELEASE.jar;C:\Users\tjben\.m2\repository\org\slf4j\slf4j-api\2.0.11\slf4j-api-2.0.11.jar;"/>
    <property name="sun.cpu.endian" value="little"/>
    <property name="user.home" value="C:\Users\tjben"/>
    <property name="user.language" value="en"/>
    <property name="java.specification.vendor" value="Oracle Corporation"/>
    <property name="java.version.date" value="2024-01-16"/>
    <property name="java.home" value="C:\Program Files\Java\jdk-17"/>
    <property name="file.separator" value="\"/>
    <property name="basedir" value="C:\Users\tjben\OneDrive\Documents\GitHub\SVE_B4_Project\demo\demo"/>
    <property name="java.vm.compressedOopsMode" value="Zero based"/>
    <property name="line.separator" value="&#10;"/>
    <property name="java.vm.specification.vendor" value="Oracle Corporation"/>
    <property name="java.specification.name" value="Java Platform API Specification"/>
    <property name="FILE_LOG_CHARSET" value="windows-1252"/>
    <property name="java.awt.headless" value="true"/>
    <property name="surefire.real.class.path" value="C:\Users\tjben\AppData\Local\Temp\surefire3889412557293814138\surefirebooter-20240318170112468_3.jar"/>
    <property name="user.script" value=""/>
    <property name="sun.management.compiler" value="HotSpot 64-Bit Tiered Compilers"/>
    <property name="java.runtime.version" value="17.0.10+11-LTS-240"/>
    <property name="user.name" value="tjben"/>
    <property name="path.separator" value=";"/>
    <property name="os.version" value="10.0"/>
    <property name="java.runtime.name" value="Java(TM) SE Runtime Environment"/>
    <property name="file.encoding" value="Cp1252"/>
    <property name="java.vm.name" value="Java HotSpot(TM) 64-Bit Server VM"/>
    <property name="localRepository" value="C:\Users\tjben\.m2\repository"/>
    <property name="java.vendor.url.bug" value="https://bugreport.java.com/bugreport/"/>
    <property name="java.io.tmpdir" value="C:\Users\tjben\AppData\Local\Temp\"/>
    <property name="com.zaxxer.hikari.pool_number" value="1"/>
    <property name="java.version" value="17.0.10"/>
    <property name="user.dir" value="C:\Users\tjben\OneDrive\Documents\GitHub\SVE_B4_Project\demo\demo"/>
    <property name="os.arch" value="amd64"/>
    <property name="java.vm.specification.name" value="Java Virtual Machine Specification"/>
    <property name="PID" value="15264"/>
    <property name="sun.os.patch.level" value=""/>
    <property name="CONSOLE_LOG_CHARSET" value="windows-1252"/>
    <property name="native.encoding" value="Cp1252"/>
    <property name="java.library.path" value="C:\Program Files\Java\jdk-17\bin;C:\Windows\Sun\Java\bin;C:\Windows\system32;C:\Windows;C:\Program Files\Common Files\Oracle\Java\javapath;C:\Program Files (x86)\Common Files\Oracle\Java\javapath;C:\Windows\system32;C:\Windows;C:\Windows\System32\Wbem;C:\Windows\System32\WindowsPowerShell\v1.0\;C:\Windows\System32\OpenSSH\;C:\Program Files (x86)\NVIDIA Corporation\PhysX\Common;C:\Program Files\dotnet\;C:\Program Files\NVIDIA Corporation\NVIDIA NvDLISR;C:\Program Files\Git\cmd;C:\Program Files\Microsoft SQL Server\150\Tools\Binn\;C:\Program Files\Microsoft SQL Server\Client SDK\ODBC\170\Tools\Binn\;C:\Users\tjben\AppData\Local\Microsoft\WindowsApps;C:\LaTeX\2023\bin\windows;C:\Users\tjben\AppData\Local\Programs\Microsoft VS Code\bin;C:\Users\tjben\AppData\Local\GitHubDesktop\bin;C:\Users\tjben\.dotnet\tools;C:\Program Files\Java\jdk-17\bin;C:\Program Files\apache-maven-3.9.6-src\apache-maven-3.9.6\apache-maven\src\bin;;C:\Program Files\JetBrains\IntelliJ IDEA 2023.3.4\bin;;."/>
    <property name="java.vm.info" value="mixed mode, sharing"/>
    <property name="java.vendor" value="Oracle Corporation"/>
    <property name="java.vm.version" value="17.0.10+11-LTS-240"/>
    <property name="sun.io.unicode.encoding" value="UnicodeLittle"/>
    <property name="java.class.version" value="61.0"/>
  </properties>
  <testcase name="contextLoads" classname="com.spring.project.SeB4ProjectApplicationTests" time="0.42">
    <system-out><![CDATA[17:01:13.159 [main] INFO org.springframework.test.context.support.AnnotationConfigContextLoaderUtils -- Could not detect default configuration classes for test class [com.spring.project.SeB4ProjectApplicationTests]: SeB4ProjectApplicationTests does not declare any static, non-private, non-final, nested classes annotated with @Configuration.
17:01:13.278 [main] INFO org.springframework.boot.test.context.SpringBootTestContextBootstrapper -- Found @SpringBootConfiguration com.spring.project.SeB4ProjectApplication for test class com.spring.project.SeB4ProjectApplicationTests
17:01:13.460 [main] INFO org.springframework.boot.devtools.restart.RestartApplicationListener -- Restart disabled due to context in which it is running

  .   ____          _            __ _ _
 /\\ / ___'_ __ _ _(_)_ __  __ _ \ \ \ \
( ( )\___ | '_ | '_| | '_ \/ _` | \ \ \ \
 \\/  ___)| |_)| | | | | || (_| |  ) ) ) )
  '  |____| .__|_| |_|_| |_\__, | / / / /
 =========|_|==============|___/=/_/_/_/
 :: Spring Boot ::             (v3.3.0-M1)

2024-03-18T17:01:13.650-04:00  INFO 15264 --- [           main] c.s.project.SeB4ProjectApplicationTests  : Starting SeB4ProjectApplicationTests using Java 17.0.10 with PID 15264 (started by tjben in C:\Users\tjben\OneDrive\Documents\GitHub\SVE_B4_Project\demo\demo)
2024-03-18T17:01:13.652-04:00  INFO 15264 --- [           main] c.s.project.SeB4ProjectApplicationTests  : No active profile set, falling back to 1 default profile: "default"
2024-03-18T17:01:14.376-04:00  INFO 15264 --- [           main] .s.d.r.c.RepositoryConfigurationDelegate : Bootstrapping Spring Data JPA repositories in DEFAULT mode.
2024-03-18T17:01:14.442-04:00  INFO 15264 --- [           main] .s.d.r.c.RepositoryConfigurationDelegate : Finished Spring Data repository scanning in 56 ms. Found 2 JPA repository interfaces.
2024-03-18T17:01:14.738-04:00  WARN 15264 --- [           main] trationDelegate$BeanPostProcessorChecker : Bean 'org.springframework.boot.autoconfigure.jdbc.DataSourceConfiguration$Hikari' of type [org.springframework.boot.autoconfigure.jdbc.DataSourceConfiguration$Hikari] is not eligible for getting processed by all BeanPostProcessors (for example: not eligible for auto-proxying). Is this bean getting eagerly injected into a currently created BeanPostProcessor [jobRegistryBeanPostProcessor]? Check the corresponding BeanPostProcessor declaration and its dependencies.
2024-03-18T17:01:14.761-04:00  WARN 15264 --- [           main] trationDelegate$BeanPostProcessorChecker : Bean 'spring.datasource-org.springframework.boot.autoconfigure.jdbc.DataSourceProperties' of type [org.springframework.boot.autoconfigure.jdbc.DataSourceProperties] is not eligible for getting processed by all BeanPostProcessors (for example: not eligible for auto-proxying). Is this bean getting eagerly injected into a currently created BeanPostProcessor [jobRegistryBeanPostProcessor]? Check the corresponding BeanPostProcessor declaration and its dependencies.
2024-03-18T17:01:14.762-04:00  WARN 15264 --- [           main] trationDelegate$BeanPostProcessorChecker : Bean 'org.springframework.boot.autoconfigure.jdbc.DataSourceAutoConfiguration$PooledDataSourceConfiguration' of type [org.springframework.boot.autoconfigure.jdbc.DataSourceAutoConfiguration$PooledDataSourceConfiguration] is not eligible for getting processed by all BeanPostProcessors (for example: not eligible for auto-proxying). Is this bean getting eagerly injected into a currently created BeanPostProcessor [jobRegistryBeanPostProcessor]? Check the corresponding BeanPostProcessor declaration and its dependencies.
2024-03-18T17:01:14.764-04:00  WARN 15264 --- [           main] trationDelegate$BeanPostProcessorChecker : Bean 'jdbcConnectionDetails' of type [org.springframework.boot.autoconfigure.jdbc.PropertiesJdbcConnectionDetails] is not eligible for getting processed by all BeanPostProcessors (for example: not eligible for auto-proxying). Is this bean getting eagerly injected into a currently created BeanPostProcessor [jobRegistryBeanPostProcessor]? Check the corresponding BeanPostProcessor declaration and its dependencies.
2024-03-18T17:01:14.794-04:00  WARN 15264 --- [           main] trationDelegate$BeanPostProcessorChecker : Bean 'dataSource' of type [com.zaxxer.hikari.HikariDataSource] is not eligible for getting processed by all BeanPostProcessors (for example: not eligible for auto-proxying). Is this bean getting eagerly injected into a currently created BeanPostProcessor [jobRegistryBeanPostProcessor]? Check the corresponding BeanPostProcessor declaration and its dependencies.
2024-03-18T17:01:14.807-04:00  WARN 15264 --- [           main] trationDelegate$BeanPostProcessorChecker : Bean 'spring.jpa-org.springframework.boot.autoconfigure.orm.jpa.JpaProperties' of type [org.springframework.boot.autoconfigure.orm.jpa.JpaProperties] is not eligible for getting processed by all BeanPostProcessors (for example: not eligible for auto-proxying). Is this bean getting eagerly injected into a currently created BeanPostProcessor [jobRegistryBeanPostProcessor]? Check the corresponding BeanPostProcessor declaration and its dependencies.
2024-03-18T17:01:14.811-04:00  WARN 15264 --- [           main] trationDelegate$BeanPostProcessorChecker : Bean 'spring.jpa.hibernate-org.springframework.boot.autoconfigure.orm.jpa.HibernateProperties' of type [org.springframework.boot.autoconfigure.orm.jpa.HibernateProperties] is not eligible for getting processed by all BeanPostProcessors (for example: not eligible for auto-proxying). Is this bean getting eagerly injected into a currently created BeanPostProcessor [jobRegistryBeanPostProcessor]? Check the corresponding BeanPostProcessor declaration and its dependencies.
2024-03-18T17:01:14.815-04:00  WARN 15264 --- [           main] trationDelegate$BeanPostProcessorChecker : Bean 'org.springframework.boot.autoconfigure.jdbc.metadata.DataSourcePoolMetadataProvidersConfiguration$HikariPoolDataSourceMetadataProviderConfiguration' of type [org.springframework.boot.autoconfigure.jdbc.metadata.DataSourcePoolMetadataProvidersConfiguration$HikariPoolDataSourceMetadataProviderConfiguration] is not eligible for getting processed by all BeanPostProcessors (for example: not eligible for auto-proxying). Is this bean getting eagerly injected into a currently created BeanPostProcessor [jobRegistryBeanPostProcessor]? Check the corresponding BeanPostProcessor declaration and its dependencies.
2024-03-18T17:01:14.816-04:00  WARN 15264 --- [           main] trationDelegate$BeanPostProcessorChecker : Bean 'hikariPoolDataSourceMetadataProvider' of type [org.springframework.boot.autoconfigure.jdbc.metadata.DataSourcePoolMetadataProvidersConfiguration$HikariPoolDataSourceMetadataProviderConfiguration$$Lambda$932/0x0000027035434600] is not eligible for getting processed by all BeanPostProcessors (for example: not eligible for auto-proxying). Is this bean getting eagerly injected into a currently created BeanPostProcessor [jobRegistryBeanPostProcessor]? Check the corresponding BeanPostProcessor declaration and its dependencies.
2024-03-18T17:01:14.818-04:00  WARN 15264 --- [           main] trationDelegate$BeanPostProcessorChecker : Bean 'org.springframework.boot.autoconfigure.orm.jpa.HibernateJpaConfiguration' of type [org.springframework.boot.autoconfigure.orm.jpa.HibernateJpaConfiguration] is not eligible for getting processed by all BeanPostProcessors (for example: not eligible for auto-proxying). Is this bean getting eagerly injected into a currently created BeanPostProcessor [jobRegistryBeanPostProcessor]? Check the corresponding BeanPostProcessor declaration and its dependencies.
2024-03-18T17:01:14.825-04:00  WARN 15264 --- [           main] trationDelegate$BeanPostProcessorChecker : Bean 'org.springframework.boot.autoconfigure.transaction.TransactionManagerCustomizationAutoConfiguration' of type [org.springframework.boot.autoconfigure.transaction.TransactionManagerCustomizationAutoConfiguration] is not eligible for getting processed by all BeanPostProcessors (for example: not eligible for auto-proxying). Is this bean getting eagerly injected into a currently created BeanPostProcessor [jobRegistryBeanPostProcessor]? Check the corresponding BeanPostProcessor declaration and its dependencies.
2024-03-18T17:01:14.830-04:00  WARN 15264 --- [           main] trationDelegate$BeanPostProcessorChecker : Bean 'transactionExecutionListeners' of type [org.springframework.boot.autoconfigure.transaction.ExecutionListenersTransactionManagerCustomizer] is not eligible for getting processed by all BeanPostProcessors (for example: not eligible for auto-proxying). Is this bean getting eagerly injected into a currently created BeanPostProcessor [jobRegistryBeanPostProcessor]? Check the corresponding BeanPostProcessor declaration and its dependencies.
2024-03-18T17:01:14.835-04:00  WARN 15264 --- [           main] trationDelegate$BeanPostProcessorChecker : Bean 'spring.transaction-org.springframework.boot.autoconfigure.transaction.TransactionProperties' of type [org.springframework.boot.autoconfigure.transaction.TransactionProperties] is not eligible for getting processed by all BeanPostProcessors (for example: not eligible for auto-proxying). Is this bean getting eagerly injected into a currently created BeanPostProcessor [jobRegistryBeanPostProcessor]? Check the corresponding BeanPostProcessor declaration and its dependencies.
2024-03-18T17:01:14.836-04:00  WARN 15264 --- [           main] trationDelegate$BeanPostProcessorChecker : Bean 'platformTransactionManagerCustomizers' of type [org.springframework.boot.autoconfigure.transaction.TransactionManagerCustomizers] is not eligible for getting processed by all BeanPostProcessors (for example: not eligible for auto-proxying). Is this bean getting eagerly injected into a currently created BeanPostProcessor [jobRegistryBeanPostProcessor]? Check the corresponding BeanPostProcessor declaration and its dependencies.
2024-03-18T17:01:14.855-04:00  WARN 15264 --- [           main] trationDelegate$BeanPostProcessorChecker : Bean 'org.springframework.boot.autoconfigure.sql.init.DataSourceInitializationConfiguration' of type [org.springframework.boot.autoconfigure.sql.init.DataSourceInitializationConfiguration] is not eligible for getting processed by all BeanPostProcessors (for example: not eligible for auto-proxying). Is this bean getting eagerly injected into a currently created BeanPostProcessor [jobRegistryBeanPostProcessor]? Check the corresponding BeanPostProcessor declaration and its dependencies.
2024-03-18T17:01:14.859-04:00  WARN 15264 --- [           main] trationDelegate$BeanPostProcessorChecker : Bean 'spring.sql.init-org.springframework.boot.autoconfigure.sql.init.SqlInitializationProperties' of type [org.springframework.boot.autoconfigure.sql.init.SqlInitializationProperties] is not eligible for getting processed by all BeanPostProcessors (for example: not eligible for auto-proxying). Is this bean getting eagerly injected into a currently created BeanPostProcessor [jobRegistryBeanPostProcessor]? Check the corresponding BeanPostProcessor declaration and its dependencies.
2024-03-18T17:01:14.871-04:00  WARN 15264 --- [           main] trationDelegate$BeanPostProcessorChecker : Bean 'dataSourceScriptDatabaseInitializer' of type [org.springframework.boot.autoconfigure.sql.init.SqlDataSourceScriptDatabaseInitializer] is not eligible for getting processed by all BeanPostProcessors (for example: not eligible for auto-proxying). Is this bean getting eagerly injected into a currently created BeanPostProcessor [jobRegistryBeanPostProcessor]? Check the corresponding BeanPostProcessor declaration and its dependencies.
2024-03-18T17:01:14.872-04:00  WARN 15264 --- [           main] trationDelegate$BeanPostProcessorChecker : Bean 'org.springframework.boot.autoconfigure.batch.BatchAutoConfiguration$DataSourceInitializerConfiguration' of type [org.springframework.boot.autoconfigure.batch.BatchAutoConfiguration$DataSourceInitializerConfiguration] is not eligible for getting processed by all BeanPostProcessors (for example: not eligible for auto-proxying). Is this bean getting eagerly injected into a currently created BeanPostProcessor [jobRegistryBeanPostProcessor]? Check the corresponding BeanPostProcessor declaration and its dependencies.
2024-03-18T17:01:14.875-04:00  WARN 15264 --- [           main] trationDelegate$BeanPostProcessorChecker : Bean 'spring.batch-org.springframework.boot.autoconfigure.batch.BatchProperties' of type [org.springframework.boot.autoconfigure.batch.BatchProperties] is not eligible for getting processed by all BeanPostProcessors (for example: not eligible for auto-proxying). Is this bean getting eagerly injected into a currently created BeanPostProcessor [jobRegistryBeanPostProcessor]? Check the corresponding BeanPostProcessor declaration and its dependencies.
2024-03-18T17:01:14.893-04:00  INFO 15264 --- [           main] com.zaxxer.hikari.HikariDataSource       : HikariPool-1 - Starting...
2024-03-18T17:01:15.282-04:00  INFO 15264 --- [           main] com.zaxxer.hikari.pool.HikariPool        : HikariPool-1 - Added connection com.mysql.cj.jdbc.ConnectionImpl@1c5d3a37
2024-03-18T17:01:15.284-04:00  INFO 15264 --- [           main] com.zaxxer.hikari.HikariDataSource       : HikariPool-1 - Start completed.
2024-03-18T17:01:15.307-04:00  WARN 15264 --- [           main] trationDelegate$BeanPostProcessorChecker : Bean 'batchDataSourceInitializer' of type [org.springframework.boot.autoconfigure.batch.BatchDataSourceScriptDatabaseInitializer] is not eligible for getting processed by all BeanPostProcessors (for example: not eligible for auto-proxying). Is this bean getting eagerly injected into a currently created BeanPostProcessor [jobRegistryBeanPostProcessor]? Check the corresponding BeanPostProcessor declaration and its dependencies.
2024-03-18T17:01:15.330-04:00  WARN 15264 --- [           main] trationDelegate$BeanPostProcessorChecker : Bean 'jpaVendorAdapter' of type [org.springframework.orm.jpa.vendor.HibernateJpaVendorAdapter] is not eligible for getting processed by all BeanPostProcessors (for example: not eligible for auto-proxying). Is this bean getting eagerly injected into a currently created BeanPostProcessor [jobRegistryBeanPostProcessor]? Check the corresponding BeanPostProcessor declaration and its dependencies.
2024-03-18T17:01:15.333-04:00  WARN 15264 --- [           main] trationDelegate$BeanPostProcessorChecker : Bean 'entityManagerFactoryBuilder' of type [org.springframework.boot.orm.jpa.EntityManagerFactoryBuilder] is not eligible for getting processed by all BeanPostProcessors (for example: not eligible for auto-proxying). Is this bean getting eagerly injected into a currently created BeanPostProcessor [jobRegistryBeanPostProcessor]? Check the corresponding BeanPostProcessor declaration and its dependencies.
2024-03-18T17:01:15.347-04:00  WARN 15264 --- [           main] trationDelegate$BeanPostProcessorChecker : Bean 'persistenceManagedTypes' of type [org.springframework.orm.jpa.persistenceunit.SimplePersistenceManagedTypes] is not eligible for getting processed by all BeanPostProcessors (for example: not eligible for auto-proxying). Is this bean getting eagerly injected into a currently created BeanPostProcessor [jobRegistryBeanPostProcessor]? Check the corresponding BeanPostProcessor declaration and its dependencies.
2024-03-18T17:01:15.391-04:00  INFO 15264 --- [           main] o.hibernate.jpa.internal.util.LogHelper  : HHH000204: Processing PersistenceUnitInfo [name: default]
2024-03-18T17:01:15.635-04:00  INFO 15264 --- [           main] org.hibernate.Version                    : HHH000412: Hibernate ORM core version 6.4.1.Final
2024-03-18T17:01:15.772-04:00  INFO 15264 --- [           main] o.h.c.internal.RegionFactoryInitiator    : HHH000026: Second-level cache disabled
2024-03-18T17:01:16.114-04:00  INFO 15264 --- [           main] o.s.o.j.p.SpringPersistenceUnitInfo      : No LoadTimeWeaver setup: ignoring JPA class transformer
2024-03-18T17:01:16.902-04:00  INFO 15264 --- [           main] o.h.e.t.j.p.i.JtaPlatformInitiator       : HHH000489: No JTA platform available (set 'hibernate.transaction.jta.platform' to enable JTA platform integration)
2024-03-18T17:01:16.935-04:00  INFO 15264 --- [           main] j.LocalContainerEntityManagerFactoryBean : Initialized JPA EntityManagerFactory for persistence unit 'default'
2024-03-18T17:01:16.938-04:00  WARN 15264 --- [           main] trationDelegate$BeanPostProcessorChecker : Bean 'entityManagerFactory' of type [org.springframework.orm.jpa.LocalContainerEntityManagerFactoryBean] is not eligible for getting processed by all BeanPostProcessors (for example: not eligible for auto-proxying). Is this bean getting eagerly injected into a currently created BeanPostProcessor [jobRegistryBeanPostProcessor]? Check the corresponding BeanPostProcessor declaration and its dependencies.
2024-03-18T17:01:16.938-04:00  WARN 15264 --- [           main] trationDelegate$BeanPostProcessorChecker : Bean 'entityManagerFactory' of type [jdk.proxy2.$Proxy120] is not eligible for getting processed by all BeanPostProcessors (for example: not eligible for auto-proxying). Is this bean getting eagerly injected into a currently created BeanPostProcessor [jobRegistryBeanPostProcessor]? Check the corresponding BeanPostProcessor declaration and its dependencies.
2024-03-18T17:01:16.940-04:00  WARN 15264 --- [           main] trationDelegate$BeanPostProcessorChecker : Bean 'transactionManager' of type [org.springframework.orm.jpa.JpaTransactionManager] is not eligible for getting processed by all BeanPostProcessors (for example: not eligible for auto-proxying). Is this bean getting eagerly injected into a currently created BeanPostProcessor [jobRegistryBeanPostProcessor]? Check the corresponding BeanPostProcessor declaration and its dependencies.
2024-03-18T17:01:16.944-04:00  WARN 15264 --- [           main] trationDelegate$BeanPostProcessorChecker : Bean 'org.springframework.boot.autoconfigure.batch.BatchAutoConfiguration$SpringBootBatchConfiguration' of type [org.springframework.boot.autoconfigure.batch.BatchAutoConfiguration$SpringBootBatchConfiguration] is not eligible for getting processed by all BeanPostProcessors (for example: not eligible for auto-proxying). The currently created BeanPostProcessor [jobRegistryBeanPostProcessor] is declared through a non-static factory method on that class; consider declaring it as static instead.
2024-03-18T17:01:17.270-04:00  INFO 15264 --- [           main] o.s.d.j.r.query.QueryEnhancerFactory     : Hibernate is in classpath; If applicable, HQL parser will be used.
2024-03-18T17:01:17.560-04:00  WARN 15264 --- [           main] JpaBaseConfiguration$JpaWebConfiguration : spring.jpa.open-in-view is enabled by default. Therefore, database queries may be performed during view rendering. Explicitly configure spring.jpa.open-in-view to disable this warning
2024-03-18T17:01:17.590-04:00  INFO 15264 --- [           main] o.s.b.a.w.s.WelcomePageHandlerMapping    : Adding welcome page template: index
2024-03-18T17:01:18.298-04:00  WARN 15264 --- [           main] .s.s.UserDetailsServiceAutoConfiguration : 

Using generated security password: 780cb936-eee6-43cd-93e4-02fa4b115037

This generated password is for development use only. Your security configuration must be updated before running your application in production.

2024-03-18T17:01:18.571-04:00  INFO 15264 --- [           main] o.s.s.web.DefaultSecurityFilterChain     : Will secure any request with [org.springframework.security.web.session.DisableEncodeUrlFilter@100d5018, org.springframework.security.web.context.request.async.WebAsyncManagerIntegrationFilter@6a25c9ad, org.springframework.security.web.context.SecurityContextHolderFilter@283595db, org.springframework.security.web.header.HeaderWriterFilter@66075347, org.springframework.web.filter.CorsFilter@3e7940b3, org.springframework.security.web.csrf.CsrfFilter@76e10574, org.springframework.security.web.authentication.logout.LogoutFilter@20a434a8, org.springframework.security.web.authentication.UsernamePasswordAuthenticationFilter@106f0051, org.springframework.security.web.authentication.ui.DefaultLoginPageGeneratingFilter@2c34ce24, org.springframework.security.web.authentication.ui.DefaultLogoutPageGeneratingFilter@1ae37be2, org.springframework.security.web.authentication.www.BasicAuthenticationFilter@25ee3cd6, org.springframework.security.web.savedrequest.RequestCacheAwareFilter@6238b10a, org.springframework.security.web.servletapi.SecurityContextHolderAwareRequestFilter@225b460a, org.springframework.security.web.authentication.AnonymousAuthenticationFilter@60147536, org.springframework.security.web.access.ExceptionTranslationFilter@6a450cb5, org.springframework.security.web.access.intercept.AuthorizationFilter@5a0f5567]
2024-03-18T17:01:18.666-04:00  INFO 15264 --- [           main] c.s.project.SeB4ProjectApplicationTests  : Started SeB4ProjectApplicationTests in 5.218 seconds (process running for 6.048)
2024-03-18T17:01:18.675-04:00  INFO 15264 --- [           main] o.s.b.a.b.JobLauncherApplicationRunner   : Running default command line with: []
]]></system-out>
  </testcase>
</testsuite>